<?xml version="1.0" encoding="UTF-8"?>
<!-- Generated by org.testng.reporters.JUnitXMLReporter -->
<testsuite ignored="0" hostname="LAPTOP-NV9STN54" failures="1" tests="1" name="ChromeTest" time="9.39" errors="0" timestamp="2023-06-04T18:13:04 IST">
  <testcase classname="testCases.TC_001_AccountRegisteration" name="test_account_Registration" time="1.783">
    <failure type="java.lang.AssertionError" message="expected [true] but found [false]">
      <![CDATA[java.lang.AssertionError: expected [true] but found [false]
at testCases.TC_001_AccountRegisteration.test_account_Registration(TC_001_AccountRegisteration.java:42)
at java.base/java.util.ArrayList.forEach(ArrayList.java:1511)
... Removed 31 stack frames]]>
    </failure>
  </testcase> <!-- test_account_Registration -->
</testsuite> <!-- ChromeTest -->
