<?xml version="1.0" encoding="UTF-8"?>
<testng-results ignored="0" total="1" passed="1" failed="0" skipped="0">
  <reporter-output>
  </reporter-output>
  <suite started-at="2023-06-07T13:43:14 IST" name="Suite" finished-at="2023-06-07T13:43:20 IST" duration-ms="6399">
    <groups>
    </groups>
    <test started-at="2023-06-07T13:43:14 IST" name="Test" finished-at="2023-06-07T13:43:20 IST" duration-ms="6399">
      <class name="testCases.TC_002_LoginTest">
        <test-method is-config="true" signature="setUp(java.lang.String)[pri:0, instance:testCases.TC_002_LoginTest@235ecd9f]" started-at="2023-06-07T13:43:14 IST" name="setUp" finished-at="2023-06-07T13:43:17 IST" duration-ms="3355" status="PASS">
          <params>
            <param index="0">
              <value>
                <![CDATA[chrome]]>
              </value>
            </param>
          </params>
          <reporter-output>
          </reporter-output>
        </test-method> <!-- setUp -->
        <test-method signature="test_login()[pri:0, instance:testCases.TC_002_LoginTest@235ecd9f]" started-at="2023-06-07T13:43:17 IST" name="test_login" finished-at="2023-06-07T13:43:18 IST" duration-ms="803" status="PASS">
          <reporter-output>
          </reporter-output>
        </test-method> <!-- test_login -->
        <test-method is-config="true" signature="tearDown()[pri:0, instance:testCases.TC_002_LoginTest@235ecd9f]" started-at="2023-06-07T13:43:18 IST" name="tearDown" finished-at="2023-06-07T13:43:20 IST" duration-ms="2195" status="PASS">
          <reporter-output>
          </reporter-output>
        </test-method> <!-- tearDown -->
      </class> <!-- testCases.TC_002_LoginTest -->
    </test> <!-- Test -->
  </suite> <!-- Suite -->
</testng-results>
